<?xml version="1.0" encoding="UTF-8"?>
<!-- Generated by org.testng.reporters.JUnitXMLReporter -->
<testsuite ignored="2" hostname="DESKTOP-K0ONJ7J" failures="0" tests="3" name="Default test" time="0.094" errors="0" timestamp="2025-12-03T20:28:02 IST">
  <testcase classname="tests.TestNGpractice.TestNGSimpleTest" name="testA" time="0.015"/>
  <testcase classname="tests.TestNGpractice.TestNGSimpleTest" name="testA" time="0.002"/>
  <testcase classname="tests.TestNGpractice.TestNGSimpleTest" name="testA" time="0.001"/>
  <testcase classname="tests.TestNGpractice.TestNGSimpleTest" name="testB" time="0.0">
    <ignored/>
  </testcase> <!-- testB -->
  <testcase classname="tests.TestNGpractice.TestNGSimpleTest" name="testC" time="0.0">
    <ignored/>
  </testcase> <!-- testC -->
</testsuite> <!-- Default test -->
