<?xml version="1.0" encoding="UTF-8"?>
<!-- Generated by org.testng.reporters.JUnitXMLReporter -->
<testsuite ignored="3" hostname="DESKTOP-K0ONJ7J" failures="0" tests="3" name="Test1" time="0.076" errors="0" timestamp="2025-12-03T19:36:13 IST">
  <testcase classname="tests.TestNGpractice.TestNGSimpleTest" name="testA" time="0.016"/>
  <testcase classname="tests.TestNGpractice.TestNGAnotations" name="testD" time="0.003"/>
  <testcase classname="tests.TestNGpractice.TestNGAnotations" name="testE" time="0.002"/>
  <testcase classname="tests.TestNGpractice.TestNGAnotations" name="testF" time="0.0">
    <ignored/>
  </testcase> <!-- testF -->
  <testcase classname="tests.TestNGpractice.TestNGSimpleTest" name="testB" time="0.0">
    <ignored/>
  </testcase> <!-- testB -->
  <testcase classname="tests.TestNGpractice.TestNGSimpleTest" name="testC" time="0.0">
    <ignored/>
  </testcase> <!-- testC -->
</testsuite> <!-- Test1 -->
