<?xml version="1.0" encoding="UTF-8"?>
<!-- Generated by org.testng.reporters.JUnitXMLReporter -->
<testsuite ignored="0" hostname="DESKTOP-K0ONJ7J" failures="1" tests="16" name="Test" time="175.319" errors="0" timestamp="2025-12-03T14:01:38 IST">
  <testcase classname="BaseClass.BaseTest" name="test" time="0.004"/>
  <testcase classname="tests.AllInteraction.FileUpload" name="fileUplaod" time="4.707"/>
  <testcase classname="BaseClass.BaseTest" name="test" time="0.0"/>
  <testcase classname="tests.AllInteraction.AleartsTest" name="alearts" time="5.437"/>
  <testcase classname="BaseClass.BaseTest" name="test" time="0.001"/>
  <testcase classname="tests.AllInteraction.mouseAction" name="Mouseactions" time="7.012"/>
  <testcase classname="BaseClass.BaseTest" name="test" time="0.0"/>
  <testcase classname="tests.AllInteraction.WindowHandlerTest" name="WindowHandle" time="6.171"/>
  <testcase classname="BaseClass.BaseTest" name="test" time="0.0"/>
  <testcase classname="tests.AllInteraction.dropDown" name="dropdown" time="12.398"/>
  <testcase classname="BaseClass.BaseTest" name="test" time="0.0"/>
  <testcase classname="tests.AllInteraction.DatePicker" name="PickTheDate" time="1.186"/>
  <testcase classname="BaseClass.BaseTest" name="test" time="0.0"/>
  <testcase classname="tests.AllInteraction.NavigationTest" name="navigate" time="11.39"/>
  <testcase classname="BaseClass.BaseTest" name="test" time="0.0"/>
  <testcase classname="tests.AllInteraction.DatePicking" name="testSelectDateDuringBooking" time="11.074">
    <failure type="org.openqa.selenium.NoSuchElementException" message="no such element: Unable to locate element: {&amp;quot;method&amp;quot;:&amp;quot;css selector&amp;quot;,&amp;quot;selector&amp;quot;:&amp;quot;div[class=&amp;apos;inputAndSwapWrapper___e7dc96&amp;apos;] div[class=&amp;apos;labelCityWrapper___fd5744&amp;apos;]&amp;quot;}
  (Session info: chrome=138.0.7204.184)
For documentation on this error, please visit: https://www.selenium.dev/documentation/webdriver/troubleshooting/errors#no-such-element-exception
Build info: version: &amp;apos;4.23.1&amp;apos;, revision: &amp;apos;656257d8e9&amp;apos;
System info: os.name: &amp;apos;Windows 10&amp;apos;, os.arch: &amp;apos;amd64&amp;apos;, os.version: &amp;apos;10.0&amp;apos;, java.version: &amp;apos;11.0.24&amp;apos;
Driver info: org.openqa.selenium.chrome.ChromeDriver
Command: [c5dd69c2bcf8fccdd0f370358eab28d0, findElement {value=div[class=&amp;apos;inputAndSwapWrapper___e7dc96&amp;apos;] div[class=&amp;apos;labelCityWrapper___fd5744&amp;apos;], using=css selector}]
Capabilities {acceptInsecureCerts: false, browserName: chrome, browserVersion: 138.0.7204.184, chrome: {chromedriverVersion: 138.0.7204.183 (e90faf484dd..., userDataDir: C:\Users\User\AppData\Local...}, fedcm:accounts: true, goog:chromeOptions: {debuggerAddress: localhost:60428}, networkConnectionEnabled: false, pageLoadStrategy: normal, platformName: windows, proxy: Proxy(), se:cdp: ws://localhost:60428/devtoo..., se:cdpVersion: 138.0.7204.184, setWindowRect: true, strictFileInteractability: false, timeouts: {implicit: 0, pageLoad: 300000, script: 30000}, unhandledPromptBehavior: dismiss and notify, webauthn:extension:credBlob: true, webauthn:extension:largeBlob: true, webauthn:extension:minPinLength: true, webauthn:extension:prf: true, webauthn:virtualAuthenticators: true}
Session ID: c5dd69c2bcf8fccdd0f370358eab28d0">
      <![CDATA[org.openqa.selenium.NoSuchElementException: no such element: Unable to locate element: {"method":"css selector","selector":"div[class='inputAndSwapWrapper___e7dc96'] div[class='labelCityWrapper___fd5744']"}
  (Session info: chrome=138.0.7204.184)
For documentation on this error, please visit: https://www.selenium.dev/documentation/webdriver/troubleshooting/errors#no-such-element-exception
Build info: version: '4.23.1', revision: '656257d8e9'
System info: os.name: 'Windows 10', os.arch: 'amd64', os.version: '10.0', java.version: '11.0.24'
Driver info: org.openqa.selenium.chrome.ChromeDriver
Command: [c5dd69c2bcf8fccdd0f370358eab28d0, findElement {value=div[class='inputAndSwapWrapper___e7dc96'] div[class='labelCityWrapper___fd5744'], using=css selector}]
Capabilities {acceptInsecureCerts: false, browserName: chrome, browserVersion: 138.0.7204.184, chrome: {chromedriverVersion: 138.0.7204.183 (e90faf484dd..., userDataDir: C:\Users\User\AppData\Local...}, fedcm:accounts: true, goog:chromeOptions: {debuggerAddress: localhost:60428}, networkConnectionEnabled: false, pageLoadStrategy: normal, platformName: windows, proxy: Proxy(), se:cdp: ws://localhost:60428/devtoo..., se:cdpVersion: 138.0.7204.184, setWindowRect: true, strictFileInteractability: false, timeouts: {implicit: 0, pageLoad: 300000, script: 30000}, unhandledPromptBehavior: dismiss and notify, webauthn:extension:credBlob: true, webauthn:extension:largeBlob: true, webauthn:extension:minPinLength: true, webauthn:extension:prf: true, webauthn:virtualAuthenticators: true}
Session ID: c5dd69c2bcf8fccdd0f370358eab28d0
at org.openqa.selenium.remote.ErrorCodec.decode(ErrorCodec.java:167)
at org.openqa.selenium.remote.codec.w3c.W3CHttpResponseCodec.decode(W3CHttpResponseCodec.java:138)
at org.openqa.selenium.remote.codec.w3c.W3CHttpResponseCodec.decode(W3CHttpResponseCodec.java:50)
at org.openqa.selenium.remote.HttpCommandExecutor.execute(HttpCommandExecutor.java:190)
at org.openqa.selenium.remote.service.DriverCommandExecutor.invokeExecute(DriverCommandExecutor.java:216)
at org.openqa.selenium.remote.service.DriverCommandExecutor.execute(DriverCommandExecutor.java:174)
at org.openqa.selenium.remote.RemoteWebDriver.execute(RemoteWebDriver.java:545)
at org.openqa.selenium.remote.ElementLocation$ElementFinder$2.findElement(ElementLocation.java:165)
at org.openqa.selenium.remote.ElementLocation.findElement(ElementLocation.java:59)
at org.openqa.selenium.remote.RemoteWebDriver.findElement(RemoteWebDriver.java:368)
at org.openqa.selenium.remote.RemoteWebDriver.findElement(RemoteWebDriver.java:362)
at tests.AllInteraction.DatePicking.testSelectDateDuringBooking(DatePicking.java:27)
at java.base/java.util.ArrayList.forEach(ArrayList.java:1541)
... Removed 35 stack frames]]>
    </failure>
  </testcase> <!-- testSelectDateDuringBooking -->
</testsuite> <!-- Test -->
