<?xml version="1.0" encoding="UTF-8"?>
<testng-results ignored="0" total="16" passed="15" failed="1" skipped="0">
  <reporter-output>
  </reporter-output>
  <suite started-at="2025-12-03T13:58:43 IST" name="Suite" finished-at="2025-12-03T14:01:38 IST" duration-ms="175319">
    <groups>
    </groups>
    <test started-at="2025-12-03T13:58:43 IST" name="Test" finished-at="2025-12-03T14:01:38 IST" duration-ms="175319">
      <class name="tests.AllInteraction.NavigationTest">
        <test-method is-config="true" signature="setUp(java.lang.String)[pri:0, instance:tests.AllInteraction.NavigationTest@7b36aa0c]" started-at="2025-12-03T14:00:43 IST" name="setUp" finished-at="2025-12-03T14:00:50 IST" duration-ms="6939" status="PASS">
          <params>
            <param index="0">
              <value is-null="true"/>
            </param>
          </params>
          <reporter-output>
          </reporter-output>
        </test-method> <!-- setUp -->
        <test-method signature="test()[pri:0, instance:tests.AllInteraction.NavigationTest@7b36aa0c]" started-at="2025-12-03T14:00:50 IST" name="test" finished-at="2025-12-03T14:00:50 IST" duration-ms="0" status="PASS">
          <reporter-output>
          </reporter-output>
        </test-method> <!-- test -->
        <test-method is-config="true" signature="tearDown()[pri:0, instance:tests.AllInteraction.NavigationTest@7b36aa0c]" started-at="2025-12-03T14:00:50 IST" name="tearDown" finished-at="2025-12-03T14:00:51 IST" duration-ms="184" status="PASS">
          <reporter-output>
          </reporter-output>
        </test-method> <!-- tearDown -->
        <test-method is-config="true" signature="setUp(java.lang.String)[pri:0, instance:tests.AllInteraction.NavigationTest@7b36aa0c]" started-at="2025-12-03T14:00:51 IST" name="setUp" finished-at="2025-12-03T14:00:56 IST" duration-ms="5697" status="PASS">
          <params>
            <param index="0">
              <value is-null="true"/>
            </param>
          </params>
          <reporter-output>
          </reporter-output>
        </test-method> <!-- setUp -->
        <test-method signature="navigate()[pri:0, instance:tests.AllInteraction.NavigationTest@7b36aa0c]" started-at="2025-12-03T14:00:56 IST" name="navigate" finished-at="2025-12-03T14:01:08 IST" duration-ms="11390" status="PASS">
          <reporter-output>
          </reporter-output>
        </test-method> <!-- navigate -->
        <test-method is-config="true" signature="tearDown()[pri:0, instance:tests.AllInteraction.NavigationTest@7b36aa0c]" started-at="2025-12-03T14:01:08 IST" name="tearDown" finished-at="2025-12-03T14:01:10 IST" duration-ms="1802" status="PASS">
          <reporter-output>
          </reporter-output>
        </test-method> <!-- tearDown -->
      </class> <!-- tests.AllInteraction.NavigationTest -->
      <class name="tests.AllInteraction.mouseAction">
        <test-method is-config="true" signature="setUp(java.lang.String)[pri:0, instance:tests.AllInteraction.mouseAction@52719fb6]" started-at="2025-12-03T13:59:21 IST" name="setUp" finished-at="2025-12-03T13:59:28 IST" duration-ms="7038" status="PASS">
          <params>
            <param index="0">
              <value is-null="true"/>
            </param>
          </params>
          <reporter-output>
          </reporter-output>
        </test-method> <!-- setUp -->
        <test-method signature="test()[pri:0, instance:tests.AllInteraction.mouseAction@52719fb6]" started-at="2025-12-03T13:59:28 IST" name="test" finished-at="2025-12-03T13:59:28 IST" duration-ms="1" status="PASS">
          <reporter-output>
          </reporter-output>
        </test-method> <!-- test -->
        <test-method is-config="true" signature="tearDown()[pri:0, instance:tests.AllInteraction.mouseAction@52719fb6]" started-at="2025-12-03T13:59:28 IST" name="tearDown" finished-at="2025-12-03T13:59:29 IST" duration-ms="190" status="PASS">
          <reporter-output>
          </reporter-output>
        </test-method> <!-- tearDown -->
        <test-method is-config="true" signature="setUp(java.lang.String)[pri:0, instance:tests.AllInteraction.mouseAction@52719fb6]" started-at="2025-12-03T13:59:29 IST" name="setUp" finished-at="2025-12-03T13:59:34 IST" duration-ms="5808" status="PASS">
          <params>
            <param index="0">
              <value is-null="true"/>
            </param>
          </params>
          <reporter-output>
          </reporter-output>
        </test-method> <!-- setUp -->
        <test-method signature="Mouseactions()[pri:0, instance:tests.AllInteraction.mouseAction@52719fb6]" started-at="2025-12-03T13:59:34 IST" name="Mouseactions" finished-at="2025-12-03T13:59:41 IST" duration-ms="7012" status="PASS">
          <reporter-output>
          </reporter-output>
        </test-method> <!-- Mouseactions -->
        <test-method is-config="true" signature="tearDown()[pri:0, instance:tests.AllInteraction.mouseAction@52719fb6]" started-at="2025-12-03T13:59:41 IST" name="tearDown" finished-at="2025-12-03T13:59:42 IST" duration-ms="190" status="PASS">
          <reporter-output>
          </reporter-output>
        </test-method> <!-- tearDown -->
      </class> <!-- tests.AllInteraction.mouseAction -->
      <class name="tests.AllInteraction.FileUpload">
        <test-method is-config="true" signature="setUp(java.lang.String)[pri:0, instance:tests.AllInteraction.FileUpload@1e1a0406]" started-at="2025-12-03T13:58:43 IST" name="setUp" finished-at="2025-12-03T13:58:52 IST" duration-ms="9200" status="PASS">
          <params>
            <param index="0">
              <value is-null="true"/>
            </param>
          </params>
          <reporter-output>
          </reporter-output>
        </test-method> <!-- setUp -->
        <test-method signature="test()[pri:0, instance:tests.AllInteraction.FileUpload@1e1a0406]" started-at="2025-12-03T13:58:52 IST" name="test" finished-at="2025-12-03T13:58:52 IST" duration-ms="4" status="PASS">
          <reporter-output>
          </reporter-output>
        </test-method> <!-- test -->
        <test-method is-config="true" signature="tearDown()[pri:0, instance:tests.AllInteraction.FileUpload@1e1a0406]" started-at="2025-12-03T13:58:52 IST" name="tearDown" finished-at="2025-12-03T13:58:53 IST" duration-ms="532" status="PASS">
          <reporter-output>
          </reporter-output>
        </test-method> <!-- tearDown -->
        <test-method is-config="true" signature="setUp(java.lang.String)[pri:0, instance:tests.AllInteraction.FileUpload@1e1a0406]" started-at="2025-12-03T13:58:53 IST" name="setUp" finished-at="2025-12-03T13:58:59 IST" duration-ms="6321" status="PASS">
          <params>
            <param index="0">
              <value is-null="true"/>
            </param>
          </params>
          <reporter-output>
          </reporter-output>
        </test-method> <!-- setUp -->
        <test-method signature="fileUplaod()[pri:0, instance:tests.AllInteraction.FileUpload@1e1a0406]" started-at="2025-12-03T13:58:59 IST" name="fileUplaod" finished-at="2025-12-03T13:59:04 IST" duration-ms="4707" status="PASS">
          <reporter-output>
          </reporter-output>
        </test-method> <!-- fileUplaod -->
        <test-method is-config="true" signature="tearDown()[pri:0, instance:tests.AllInteraction.FileUpload@1e1a0406]" started-at="2025-12-03T13:59:04 IST" name="tearDown" finished-at="2025-12-03T13:59:04 IST" duration-ms="249" status="PASS">
          <reporter-output>
          </reporter-output>
        </test-method> <!-- tearDown -->
      </class> <!-- tests.AllInteraction.FileUpload -->
      <class name="tests.AllInteraction.AleartsTest">
        <test-method is-config="true" signature="setUp(java.lang.String)[pri:0, instance:tests.AllInteraction.AleartsTest@6221a451]" started-at="2025-12-03T13:59:04 IST" name="setUp" finished-at="2025-12-03T13:59:10 IST" duration-ms="5825" status="PASS">
          <params>
            <param index="0">
              <value is-null="true"/>
            </param>
          </params>
          <reporter-output>
          </reporter-output>
        </test-method> <!-- setUp -->
        <test-method signature="test()[pri:0, instance:tests.AllInteraction.AleartsTest@6221a451]" started-at="2025-12-03T13:59:10 IST" name="test" finished-at="2025-12-03T13:59:10 IST" duration-ms="0" status="PASS">
          <reporter-output>
          </reporter-output>
        </test-method> <!-- test -->
        <test-method is-config="true" signature="tearDown()[pri:0, instance:tests.AllInteraction.AleartsTest@6221a451]" started-at="2025-12-03T13:59:10 IST" name="tearDown" finished-at="2025-12-03T13:59:10 IST" duration-ms="195" status="PASS">
          <reporter-output>
          </reporter-output>
        </test-method> <!-- tearDown -->
        <test-method is-config="true" signature="setUp(java.lang.String)[pri:0, instance:tests.AllInteraction.AleartsTest@6221a451]" started-at="2025-12-03T13:59:10 IST" name="setUp" finished-at="2025-12-03T13:59:16 IST" duration-ms="5592" status="PASS">
          <params>
            <param index="0">
              <value is-null="true"/>
            </param>
          </params>
          <reporter-output>
          </reporter-output>
        </test-method> <!-- setUp -->
        <test-method signature="alearts()[pri:0, instance:tests.AllInteraction.AleartsTest@6221a451]" started-at="2025-12-03T13:59:16 IST" name="alearts" finished-at="2025-12-03T13:59:21 IST" duration-ms="5437" status="PASS">
          <reporter-output>
          </reporter-output>
        </test-method> <!-- alearts -->
        <test-method is-config="true" signature="tearDown()[pri:0, instance:tests.AllInteraction.AleartsTest@6221a451]" started-at="2025-12-03T13:59:21 IST" name="tearDown" finished-at="2025-12-03T13:59:21 IST" duration-ms="175" status="PASS">
          <reporter-output>
          </reporter-output>
        </test-method> <!-- tearDown -->
      </class> <!-- tests.AllInteraction.AleartsTest -->
      <class name="tests.AllInteraction.WindowHandlerTest">
        <test-method is-config="true" signature="setUp(java.lang.String)[pri:0, instance:tests.AllInteraction.WindowHandlerTest@3012646b]" started-at="2025-12-03T13:59:42 IST" name="setUp" finished-at="2025-12-03T13:59:49 IST" duration-ms="7167" status="PASS">
          <params>
            <param index="0">
              <value is-null="true"/>
            </param>
          </params>
          <reporter-output>
          </reporter-output>
        </test-method> <!-- setUp -->
        <test-method signature="test()[pri:0, instance:tests.AllInteraction.WindowHandlerTest@3012646b]" started-at="2025-12-03T13:59:49 IST" name="test" finished-at="2025-12-03T13:59:49 IST" duration-ms="0" status="PASS">
          <reporter-output>
          </reporter-output>
        </test-method> <!-- test -->
        <test-method is-config="true" signature="tearDown()[pri:0, instance:tests.AllInteraction.WindowHandlerTest@3012646b]" started-at="2025-12-03T13:59:49 IST" name="tearDown" finished-at="2025-12-03T13:59:49 IST" duration-ms="174" status="PASS">
          <reporter-output>
          </reporter-output>
        </test-method> <!-- tearDown -->
        <test-method is-config="true" signature="setUp(java.lang.String)[pri:0, instance:tests.AllInteraction.WindowHandlerTest@3012646b]" started-at="2025-12-03T13:59:49 IST" name="setUp" finished-at="2025-12-03T13:59:56 IST" duration-ms="7190" status="PASS">
          <params>
            <param index="0">
              <value is-null="true"/>
            </param>
          </params>
          <reporter-output>
          </reporter-output>
        </test-method> <!-- setUp -->
        <test-method signature="WindowHandle()[pri:0, instance:tests.AllInteraction.WindowHandlerTest@3012646b]" started-at="2025-12-03T13:59:56 IST" name="WindowHandle" finished-at="2025-12-03T14:00:02 IST" duration-ms="6171" status="PASS">
          <reporter-output>
          </reporter-output>
        </test-method> <!-- WindowHandle -->
        <test-method is-config="true" signature="tearDown()[pri:0, instance:tests.AllInteraction.WindowHandlerTest@3012646b]" started-at="2025-12-03T14:00:02 IST" name="tearDown" finished-at="2025-12-03T14:00:04 IST" duration-ms="1750" status="PASS">
          <reporter-output>
          </reporter-output>
        </test-method> <!-- tearDown -->
      </class> <!-- tests.AllInteraction.WindowHandlerTest -->
      <class name="tests.AllInteraction.DatePicker">
        <test-method is-config="true" signature="setUp(java.lang.String)[pri:0, instance:tests.AllInteraction.DatePicker@25641d39]" started-at="2025-12-03T14:00:29 IST" name="setUp" finished-at="2025-12-03T14:00:35 IST" duration-ms="6039" status="PASS">
          <params>
            <param index="0">
              <value is-null="true"/>
            </param>
          </params>
          <reporter-output>
          </reporter-output>
        </test-method> <!-- setUp -->
        <test-method signature="test()[pri:0, instance:tests.AllInteraction.DatePicker@25641d39]" started-at="2025-12-03T14:00:35 IST" name="test" finished-at="2025-12-03T14:00:35 IST" duration-ms="0" status="PASS">
          <reporter-output>
          </reporter-output>
        </test-method> <!-- test -->
        <test-method is-config="true" signature="tearDown()[pri:0, instance:tests.AllInteraction.DatePicker@25641d39]" started-at="2025-12-03T14:00:35 IST" name="tearDown" finished-at="2025-12-03T14:00:36 IST" duration-ms="179" status="PASS">
          <reporter-output>
          </reporter-output>
        </test-method> <!-- tearDown -->
        <test-method is-config="true" signature="setUp(java.lang.String)[pri:0, instance:tests.AllInteraction.DatePicker@25641d39]" started-at="2025-12-03T14:00:36 IST" name="setUp" finished-at="2025-12-03T14:00:42 IST" duration-ms="6497" status="PASS">
          <params>
            <param index="0">
              <value is-null="true"/>
            </param>
          </params>
          <reporter-output>
          </reporter-output>
        </test-method> <!-- setUp -->
        <test-method signature="PickTheDate()[pri:0, instance:tests.AllInteraction.DatePicker@25641d39]" started-at="2025-12-03T14:00:42 IST" name="PickTheDate" finished-at="2025-12-03T14:00:43 IST" duration-ms="1186" status="PASS">
          <reporter-output>
          </reporter-output>
        </test-method> <!-- PickTheDate -->
        <test-method is-config="true" signature="tearDown()[pri:0, instance:tests.AllInteraction.DatePicker@25641d39]" started-at="2025-12-03T14:00:43 IST" name="tearDown" finished-at="2025-12-03T14:00:43 IST" duration-ms="205" status="PASS">
          <reporter-output>
          </reporter-output>
        </test-method> <!-- tearDown -->
      </class> <!-- tests.AllInteraction.DatePicker -->
      <class name="tests.AllInteraction.dropDown">
        <test-method is-config="true" signature="setUp(java.lang.String)[pri:0, instance:tests.AllInteraction.dropDown@4a883b15]" started-at="2025-12-03T14:00:04 IST" name="setUp" finished-at="2025-12-03T14:00:10 IST" duration-ms="6319" status="PASS">
          <params>
            <param index="0">
              <value is-null="true"/>
            </param>
          </params>
          <reporter-output>
          </reporter-output>
        </test-method> <!-- setUp -->
        <test-method signature="test()[pri:0, instance:tests.AllInteraction.dropDown@4a883b15]" started-at="2025-12-03T14:00:10 IST" name="test" finished-at="2025-12-03T14:00:10 IST" duration-ms="0" status="PASS">
          <reporter-output>
          </reporter-output>
        </test-method> <!-- test -->
        <test-method is-config="true" signature="tearDown()[pri:0, instance:tests.AllInteraction.dropDown@4a883b15]" started-at="2025-12-03T14:00:10 IST" name="tearDown" finished-at="2025-12-03T14:00:11 IST" duration-ms="187" status="PASS">
          <reporter-output>
          </reporter-output>
        </test-method> <!-- tearDown -->
        <test-method is-config="true" signature="setUp(java.lang.String)[pri:0, instance:tests.AllInteraction.dropDown@4a883b15]" started-at="2025-12-03T14:00:11 IST" name="setUp" finished-at="2025-12-03T14:00:17 IST" duration-ms="6114" status="PASS">
          <params>
            <param index="0">
              <value is-null="true"/>
            </param>
          </params>
          <reporter-output>
          </reporter-output>
        </test-method> <!-- setUp -->
        <test-method signature="dropdown()[pri:0, instance:tests.AllInteraction.dropDown@4a883b15]" started-at="2025-12-03T14:00:17 IST" name="dropdown" finished-at="2025-12-03T14:00:29 IST" duration-ms="12398" status="PASS">
          <reporter-output>
          </reporter-output>
        </test-method> <!-- dropdown -->
        <test-method is-config="true" signature="tearDown()[pri:0, instance:tests.AllInteraction.dropDown@4a883b15]" started-at="2025-12-03T14:00:29 IST" name="tearDown" finished-at="2025-12-03T14:00:29 IST" duration-ms="229" status="PASS">
          <reporter-output>
          </reporter-output>
        </test-method> <!-- tearDown -->
      </class> <!-- tests.AllInteraction.dropDown -->
      <class name="tests.AllInteraction.DatePicking">
        <test-method is-config="true" signature="setUp(java.lang.String)[pri:0, instance:tests.AllInteraction.DatePicking@5824a83d]" started-at="2025-12-03T14:01:10 IST" name="setUp" finished-at="2025-12-03T14:01:18 IST" duration-ms="8210" status="PASS">
          <params>
            <param index="0">
              <value is-null="true"/>
            </param>
          </params>
          <reporter-output>
          </reporter-output>
        </test-method> <!-- setUp -->
        <test-method signature="test()[pri:0, instance:tests.AllInteraction.DatePicking@5824a83d]" started-at="2025-12-03T14:01:18 IST" name="test" finished-at="2025-12-03T14:01:18 IST" duration-ms="0" status="PASS">
          <reporter-output>
          </reporter-output>
        </test-method> <!-- test -->
        <test-method is-config="true" signature="tearDown()[pri:0, instance:tests.AllInteraction.DatePicking@5824a83d]" started-at="2025-12-03T14:01:18 IST" name="tearDown" finished-at="2025-12-03T14:01:18 IST" duration-ms="269" status="PASS">
          <reporter-output>
          </reporter-output>
        </test-method> <!-- tearDown -->
        <test-method is-config="true" signature="setUp(java.lang.String)[pri:0, instance:tests.AllInteraction.DatePicking@5824a83d]" started-at="2025-12-03T14:01:18 IST" name="setUp" finished-at="2025-12-03T14:01:27 IST" duration-ms="8944" status="PASS">
          <params>
            <param index="0">
              <value is-null="true"/>
            </param>
          </params>
          <reporter-output>
          </reporter-output>
        </test-method> <!-- setUp -->
        <test-method signature="testSelectDateDuringBooking()[pri:0, instance:tests.AllInteraction.DatePicking@5824a83d]" started-at="2025-12-03T14:01:27 IST" name="testSelectDateDuringBooking" finished-at="2025-12-03T14:01:38 IST" duration-ms="11074" status="FAIL">
          <exception class="org.openqa.selenium.NoSuchElementException">
            <message>
              <![CDATA[no such element: Unable to locate element: {"method":"css selector","selector":"div[class='inputAndSwapWrapper___e7dc96'] div[class='labelCityWrapper___fd5744']"}
  (Session info: chrome=138.0.7204.184)
For documentation on this error, please visit: https://www.selenium.dev/documentation/webdriver/troubleshooting/errors#no-such-element-exception
Build info: version: '4.23.1', revision: '656257d8e9'
System info: os.name: 'Windows 10', os.arch: 'amd64', os.version: '10.0', java.version: '11.0.24'
Driver info: org.openqa.selenium.chrome.ChromeDriver
Command: [c5dd69c2bcf8fccdd0f370358eab28d0, findElement {value=div[class='inputAndSwapWrapper___e7dc96'] div[class='labelCityWrapper___fd5744'], using=css selector}]
Capabilities {acceptInsecureCerts: false, browserName: chrome, browserVersion: 138.0.7204.184, chrome: {chromedriverVersion: 138.0.7204.183 (e90faf484dd..., userDataDir: C:\Users\User\AppData\Local...}, fedcm:accounts: true, goog:chromeOptions: {debuggerAddress: localhost:60428}, networkConnectionEnabled: false, pageLoadStrategy: normal, platformName: windows, proxy: Proxy(), se:cdp: ws://localhost:60428/devtoo..., se:cdpVersion: 138.0.7204.184, setWindowRect: true, strictFileInteractability: false, timeouts: {implicit: 0, pageLoad: 300000, script: 30000}, unhandledPromptBehavior: dismiss and notify, webauthn:extension:credBlob: true, webauthn:extension:largeBlob: true, webauthn:extension:minPinLength: true, webauthn:extension:prf: true, webauthn:virtualAuthenticators: true}
Session ID: c5dd69c2bcf8fccdd0f370358eab28d0]]>
            </message>
            <full-stacktrace>
              <![CDATA[org.openqa.selenium.NoSuchElementException: no such element: Unable to locate element: {"method":"css selector","selector":"div[class='inputAndSwapWrapper___e7dc96'] div[class='labelCityWrapper___fd5744']"}
  (Session info: chrome=138.0.7204.184)
For documentation on this error, please visit: https://www.selenium.dev/documentation/webdriver/troubleshooting/errors#no-such-element-exception
Build info: version: '4.23.1', revision: '656257d8e9'
System info: os.name: 'Windows 10', os.arch: 'amd64', os.version: '10.0', java.version: '11.0.24'
Driver info: org.openqa.selenium.chrome.ChromeDriver
Command: [c5dd69c2bcf8fccdd0f370358eab28d0, findElement {value=div[class='inputAndSwapWrapper___e7dc96'] div[class='labelCityWrapper___fd5744'], using=css selector}]
Capabilities {acceptInsecureCerts: false, browserName: chrome, browserVersion: 138.0.7204.184, chrome: {chromedriverVersion: 138.0.7204.183 (e90faf484dd..., userDataDir: C:\Users\User\AppData\Local...}, fedcm:accounts: true, goog:chromeOptions: {debuggerAddress: localhost:60428}, networkConnectionEnabled: false, pageLoadStrategy: normal, platformName: windows, proxy: Proxy(), se:cdp: ws://localhost:60428/devtoo..., se:cdpVersion: 138.0.7204.184, setWindowRect: true, strictFileInteractability: false, timeouts: {implicit: 0, pageLoad: 300000, script: 30000}, unhandledPromptBehavior: dismiss and notify, webauthn:extension:credBlob: true, webauthn:extension:largeBlob: true, webauthn:extension:minPinLength: true, webauthn:extension:prf: true, webauthn:virtualAuthenticators: true}
Session ID: c5dd69c2bcf8fccdd0f370358eab28d0
at java.base/jdk.internal.reflect.NativeConstructorAccessorImpl.newInstance0(Native Method)
at java.base/jdk.internal.reflect.NativeConstructorAccessorImpl.newInstance(NativeConstructorAccessorImpl.java:62)
at java.base/jdk.internal.reflect.DelegatingConstructorAccessorImpl.newInstance(DelegatingConstructorAccessorImpl.java:45)
at java.base/java.lang.reflect.Constructor.newInstance(Constructor.java:490)
at org.openqa.selenium.remote.ErrorCodec.decode(ErrorCodec.java:167)
at org.openqa.selenium.remote.codec.w3c.W3CHttpResponseCodec.decode(W3CHttpResponseCodec.java:138)
at org.openqa.selenium.remote.codec.w3c.W3CHttpResponseCodec.decode(W3CHttpResponseCodec.java:50)
at org.openqa.selenium.remote.HttpCommandExecutor.execute(HttpCommandExecutor.java:190)
at org.openqa.selenium.remote.service.DriverCommandExecutor.invokeExecute(DriverCommandExecutor.java:216)
at org.openqa.selenium.remote.service.DriverCommandExecutor.execute(DriverCommandExecutor.java:174)
at org.openqa.selenium.remote.RemoteWebDriver.execute(RemoteWebDriver.java:545)
at org.openqa.selenium.remote.ElementLocation$ElementFinder$2.findElement(ElementLocation.java:165)
at org.openqa.selenium.remote.ElementLocation.findElement(ElementLocation.java:59)
at org.openqa.selenium.remote.RemoteWebDriver.findElement(RemoteWebDriver.java:368)
at org.openqa.selenium.remote.RemoteWebDriver.findElement(RemoteWebDriver.java:362)
at tests.AllInteraction.DatePicking.testSelectDateDuringBooking(DatePicking.java:27)
at java.base/jdk.internal.reflect.NativeMethodAccessorImpl.invoke0(Native Method)
at java.base/jdk.internal.reflect.NativeMethodAccessorImpl.invoke(NativeMethodAccessorImpl.java:62)
at java.base/jdk.internal.reflect.DelegatingMethodAccessorImpl.invoke(DelegatingMethodAccessorImpl.java:43)
at java.base/java.lang.reflect.Method.invoke(Method.java:566)
at org.testng.internal.invokers.MethodInvocationHelper.invokeMethod(MethodInvocationHelper.java:141)
at org.testng.internal.invokers.TestInvoker.invokeMethod(TestInvoker.java:686)
at org.testng.internal.invokers.TestInvoker.invokeTestMethod(TestInvoker.java:230)
at org.testng.internal.invokers.MethodRunner.runInSequence(MethodRunner.java:63)
at org.testng.internal.invokers.TestInvoker$MethodInvocationAgent.invoke(TestInvoker.java:992)
at org.testng.internal.invokers.TestInvoker.invokeTestMethods(TestInvoker.java:203)
at org.testng.internal.invokers.TestMethodWorker.invokeTestMethods(TestMethodWorker.java:154)
at org.testng.internal.invokers.TestMethodWorker.run(TestMethodWorker.java:134)
at java.base/java.util.ArrayList.forEach(ArrayList.java:1541)
at org.testng.TestRunner.privateRun(TestRunner.java:739)
at org.testng.TestRunner.run(TestRunner.java:614)
at org.testng.SuiteRunner.runTest(SuiteRunner.java:421)
at org.testng.SuiteRunner.runSequentially(SuiteRunner.java:413)
at org.testng.SuiteRunner.privateRun(SuiteRunner.java:373)
at org.testng.SuiteRunner.run(SuiteRunner.java:312)
at org.testng.SuiteRunnerWorker.runSuite(SuiteRunnerWorker.java:52)
at org.testng.SuiteRunnerWorker.run(SuiteRunnerWorker.java:95)
at org.testng.TestNG.runSuitesSequentially(TestNG.java:1274)
at org.testng.TestNG.runSuitesLocally(TestNG.java:1208)
at org.testng.TestNG.runSuites(TestNG.java:1112)
at org.testng.TestNG.run(TestNG.java:1079)
at org.apache.maven.surefire.testng.TestNGExecutor.run(TestNGExecutor.java:308)
at org.apache.maven.surefire.testng.TestNGXmlTestSuite.execute(TestNGXmlTestSuite.java:71)
at org.apache.maven.surefire.testng.TestNGProvider.invoke(TestNGProvider.java:113)
at org.apache.maven.surefire.booter.ForkedBooter.runSuitesInProcess(ForkedBooter.java:385)
at org.apache.maven.surefire.booter.ForkedBooter.execute(ForkedBooter.java:162)
at org.apache.maven.surefire.booter.ForkedBooter.run(ForkedBooter.java:507)
at org.apache.maven.surefire.booter.ForkedBooter.main(ForkedBooter.java:495)
]]>
            </full-stacktrace>
          </exception> <!-- org.openqa.selenium.NoSuchElementException -->
          <reporter-output>
          </reporter-output>
        </test-method> <!-- testSelectDateDuringBooking -->
        <test-method is-config="true" signature="tearDown()[pri:0, instance:tests.AllInteraction.DatePicking@5824a83d]" started-at="2025-12-03T14:01:38 IST" name="tearDown" finished-at="2025-12-03T14:01:38 IST" duration-ms="399" status="PASS">
          <reporter-output>
          </reporter-output>
        </test-method> <!-- tearDown -->
      </class> <!-- tests.AllInteraction.DatePicking -->
    </test> <!-- Test -->
  </suite> <!-- Suite -->
</testng-results>
