<?xml version="1.0" encoding="UTF-8"?>
<testng-results ignored="0" total="2" passed="2" failed="0" skipped="0">
  <reporter-output>
  </reporter-output>
  <suite started-at="2025-11-30T13:45:40 IST" name="Suite" finished-at="2025-11-30T13:46:13 IST" duration-ms="33282">
    <groups>
    </groups>
    <test started-at="2025-11-30T13:45:40 IST" name="Test" finished-at="2025-11-30T13:46:13 IST" duration-ms="33282">
      <class name="tests.Locaters">
        <test-method is-config="true" signature="setUp()[pri:0, instance:tests.Locaters@498d318c]" started-at="2025-11-30T13:45:40 IST" name="setUp" finished-at="2025-11-30T13:45:51 IST" duration-ms="11024" status="PASS">
          <reporter-output>
          </reporter-output>
        </test-method> <!-- setUp -->
        <test-method signature="findElementByID()[pri:0, instance:tests.Locaters@498d318c]" started-at="2025-11-30T13:45:51 IST" name="findElementByID" finished-at="2025-11-30T13:45:52 IST" duration-ms="1476" status="PASS">
          <reporter-output>
          </reporter-output>
        </test-method> <!-- findElementByID -->
        <test-method is-config="true" signature="tearDown()[pri:0, instance:tests.Locaters@498d318c]" started-at="2025-11-30T13:45:52 IST" name="tearDown" finished-at="2025-11-30T13:45:53 IST" duration-ms="525" status="PASS">
          <reporter-output>
          </reporter-output>
        </test-method> <!-- tearDown -->
        <test-method is-config="true" signature="setUp()[pri:0, instance:tests.Locaters@498d318c]" started-at="2025-11-30T13:45:53 IST" name="setUp" finished-at="2025-11-30T13:46:08 IST" duration-ms="15129" status="PASS">
          <reporter-output>
          </reporter-output>
        </test-method> <!-- setUp -->
        <test-method signature="findElementByName()[pri:0, instance:tests.Locaters@498d318c]" started-at="2025-11-30T13:46:08 IST" name="findElementByName" finished-at="2025-11-30T13:46:13 IST" duration-ms="4656" status="PASS">
          <reporter-output>
          </reporter-output>
        </test-method> <!-- findElementByName -->
        <test-method is-config="true" signature="tearDown()[pri:0, instance:tests.Locaters@498d318c]" started-at="2025-11-30T13:46:13 IST" name="tearDown" finished-at="2025-11-30T13:46:13 IST" duration-ms="381" status="PASS">
          <reporter-output>
          </reporter-output>
        </test-method> <!-- tearDown -->
      </class> <!-- tests.Locaters -->
    </test> <!-- Test -->
  </suite> <!-- Suite -->
</testng-results>
