<?xml version="1.0" encoding="UTF-8"?>
<testng-results ignored="0" total="1" passed="1" failed="0" skipped="0">
  <reporter-output>
  </reporter-output>
  <suite started-at="2025-12-03T12:07:50 IST" name="Default suite" finished-at="2025-12-03T12:07:58 IST" duration-ms="8794">
    <groups>
    </groups>
    <test started-at="2025-12-03T12:07:50 IST" name="Default test" finished-at="2025-12-03T12:07:58 IST" duration-ms="8794">
      <class name="BaseClass.BaseTest">
        <test-method is-config="true" signature="setUp(java.lang.String)[pri:0, instance:BaseClass.BaseTest@3ce1e309]" started-at="2025-12-03T12:07:50 IST" name="setUp" finished-at="2025-12-03T12:07:58 IST" duration-ms="8528" status="PASS">
          <params>
            <param index="0">
              <value is-null="true"/>
            </param>
          </params>
          <reporter-output>
          </reporter-output>
        </test-method> <!-- setUp -->
        <test-method signature="test()[pri:0, instance:BaseClass.BaseTest@3ce1e309]" started-at="2025-12-03T12:07:58 IST" name="test" finished-at="2025-12-03T12:07:58 IST" duration-ms="14" status="PASS">
          <reporter-output>
          </reporter-output>
        </test-method> <!-- test -->
        <test-method is-config="true" signature="tearDown()[pri:0, instance:BaseClass.BaseTest@3ce1e309]" started-at="2025-12-03T12:07:58 IST" name="tearDown" finished-at="2025-12-03T12:07:58 IST" duration-ms="196" status="PASS">
          <reporter-output>
          </reporter-output>
        </test-method> <!-- tearDown -->
      </class> <!-- BaseClass.BaseTest -->
    </test> <!-- Default test -->
  </suite> <!-- Default suite -->
</testng-results>
