<?xml version="1.0" encoding="UTF-8"?>
<!-- Generated by org.testng.reporters.JUnitReportReporter -->
<testsuite hostname="DESKTOP-K0ONJ7J" failures="0" tests="2" name="BaseClass.BaseTest" time="18.081" errors="0" timestamp="2025-11-29T18:04:43 IST" skipped="0">
  <testcase classname="BaseClass.BaseTest" name="findElementByName" time="12.641"/>
  <system-out/>
  <testcase classname="BaseClass.BaseTest" name="findElementByID" time="5.440"/>
  <system-out/>
</testsuite> <!-- BaseClass.BaseTest -->
