<?xml version="1.0" encoding="UTF-8"?>
<!-- Generated by org.testng.reporters.JUnitReportReporter -->
<testsuite hostname="DESKTOP-K0ONJ7J" failures="0" tests="3" name="tests.TestNGpractice.TestNGAnotations" time="0.053" errors="0" timestamp="2025-12-04T12:37:24 IST" skipped="0">
  <testcase classname="tests.TestNGpractice.TestNGAnotations" name="testD" time="0.019"/>
  <system-out/>
  <testcase classname="tests.TestNGpractice.TestNGAnotations" name="testF" time="0.009"/>
  <system-out/>
  <testcase classname="tests.TestNGpractice.TestNGAnotations" name="testE" time="0.025"/>
  <system-out/>
</testsuite> <!-- tests.TestNGpractice.TestNGAnotations -->
