<?xml version="1.0" encoding="UTF-8"?>
<!-- Generated by org.testng.reporters.JUnitReportReporter -->
<testsuite hostname="DESKTOP-K0ONJ7J" failures="0" tests="5" name="tests.TestNGpractice.TestNGSimpleTest" time="0.080" errors="0" timestamp="2025-12-04T12:37:24 IST" skipped="0">
  <testcase classname="tests.TestNGpractice.TestNGSimpleTest" name="testC" time="0.023"/>
  <system-out/>
  <testcase classname="tests.TestNGpractice.TestNGSimpleTest" name="testA" time="0.006"/>
  <system-out/>
  <testcase classname="tests.TestNGpractice.TestNGSimpleTest" name="testA" time="0.010"/>
  <system-out/>
  <testcase classname="tests.TestNGpractice.TestNGSimpleTest" name="testB" time="0.022"/>
  <system-out/>
  <testcase classname="tests.TestNGpractice.TestNGSimpleTest" name="testA" time="0.019"/>
  <system-out/>
</testsuite> <!-- tests.TestNGpractice.TestNGSimpleTest -->
