<?xml version="1.0" encoding="UTF-8"?>
<!-- Generated by org.testng.reporters.JUnitReportReporter -->
<testsuite hostname="DESKTOP-K0ONJ7J" failures="0" tests="2" name="tests.AllInteraction.mouseAction" time="20.239" errors="0" timestamp="2025-12-03T14:01:39 IST" skipped="0">
  <testcase classname="tests.AllInteraction.mouseAction" name="test" time="7.229"/>
  <testcase classname="tests.AllInteraction.mouseAction" name="Mouseactions" time="13.010"/>
</testsuite> <!-- tests.AllInteraction.mouseAction -->
