<?xml version="1.0" encoding="UTF-8"?>
<!-- Generated by org.testng.reporters.JUnitReportReporter -->
<testsuite hostname="DESKTOP-K0ONJ7J" failures="0" tests="2" name="tests.AllInteraction.DatePicker" time="14.106" errors="0" timestamp="2025-12-03T14:01:39 IST" skipped="0">
  <testcase classname="tests.AllInteraction.DatePicker" name="PickTheDate" time="7.404"/>
  <testcase classname="tests.AllInteraction.DatePicker" name="test" time="6.702"/>
</testsuite> <!-- tests.AllInteraction.DatePicker -->
