<?xml version="1.0" encoding="UTF-8"?>
<!-- Generated by org.testng.reporters.JUnitReportReporter -->
<testsuite hostname="DESKTOP-K0ONJ7J" failures="0" tests="2" name="tests.AllInteraction.NavigationTest" time="26.012" errors="0" timestamp="2025-12-03T14:01:39 IST" skipped="0">
  <testcase classname="tests.AllInteraction.NavigationTest" name="test" time="5.881"/>
  <testcase classname="tests.AllInteraction.NavigationTest" name="navigate" time="20.131"/>
</testsuite> <!-- tests.AllInteraction.NavigationTest -->
