<?xml version="1.0" encoding="UTF-8"?>
<!-- Generated by org.testng.reporters.JUnitReportReporter -->
<testsuite hostname="DESKTOP-K0ONJ7J" failures="0" tests="2" name="tests.AllInteraction.AleartsTest" time="17.224" errors="0" timestamp="2025-12-03T14:01:39 IST" skipped="0">
  <testcase classname="tests.AllInteraction.AleartsTest" name="test" time="5.767"/>
  <testcase classname="tests.AllInteraction.AleartsTest" name="alearts" time="11.457"/>
</testsuite> <!-- tests.AllInteraction.AleartsTest -->
