<?xml version="1.0" encoding="UTF-8"?>
<!-- Generated by org.testng.reporters.JUnitReportReporter -->
<testsuite hostname="DESKTOP-K0ONJ7J" failures="0" tests="2" name="tests.AllInteraction.WindowHandlerTest" time="22.452" errors="0" timestamp="2025-12-03T14:01:39 IST" skipped="0">
  <testcase classname="tests.AllInteraction.WindowHandlerTest" name="WindowHandle" time="13.535"/>
  <testcase classname="tests.AllInteraction.WindowHandlerTest" name="test" time="8.917"/>
</testsuite> <!-- tests.AllInteraction.WindowHandlerTest -->
