<?xml version="1.0" encoding="UTF-8"?>
<!-- Generated by org.testng.reporters.JUnitReportReporter -->
<testsuite hostname="DESKTOP-K0ONJ7J" failures="0" tests="2" name="tests.AllInteraction.FileUpload" time="21.013" errors="0" timestamp="2025-12-03T14:01:39 IST" skipped="0">
  <testcase classname="tests.AllInteraction.FileUpload" name="test" time="9.453"/>
  <testcase classname="tests.AllInteraction.FileUpload" name="fileUplaod" time="11.560"/>
</testsuite> <!-- tests.AllInteraction.FileUpload -->
